Determining if the pthread_create exist failed with the following output:
Change Dir: /home/patrick/ClionProjects/CppConcurrencyInAction/AutoHedge/cmake-build-debug/CMakeFiles/CMakeTmp

Run Build Command:"/usr/bin/make" "cmTC_f7bd3/fast"
/usr/bin/make -f CMakeFiles/cmTC_f7bd3.dir/build.make CMakeFiles/cmTC_f7bd3.dir/build
make[1]: Entering directory '/home/patrick/ClionProjects/CppConcurrencyInAction/AutoHedge/cmake-build-debug/CMakeFiles/CMakeTmp'
Building C object CMakeFiles/cmTC_f7bd3.dir/CheckSymbolExists.c.o
/usr/bin/cc     -o CMakeFiles/cmTC_f7bd3.dir/CheckSymbolExists.c.o   -c /home/patrick/ClionProjects/CppConcurrencyInAction/AutoHedge/cmake-build-debug/CMakeFiles/CMakeTmp/CheckSymbolExists.c
Linking C executable cmTC_f7bd3
/home/patrick/Downloads/clion-2016.3/bin/cmake/bin/cmake -E cmake_link_script CMakeFiles/cmTC_f7bd3.dir/link.txt --verbose=1
/usr/bin/cc       CMakeFiles/cmTC_f7bd3.dir/CheckSymbolExists.c.o  -o cmTC_f7bd3 
CMakeFiles/cmTC_f7bd3.dir/CheckSymbolExists.c.o: In function `main':
CheckSymbolExists.c:(.text+0x16): undefined reference to `pthread_create'
collect2: error: ld returned 1 exit status
CMakeFiles/cmTC_f7bd3.dir/build.make:97: recipe for target 'cmTC_f7bd3' failed
make[1]: *** [cmTC_f7bd3] Error 1
make[1]: Leaving directory '/home/patrick/ClionProjects/CppConcurrencyInAction/AutoHedge/cmake-build-debug/CMakeFiles/CMakeTmp'
Makefile:126: recipe for target 'cmTC_f7bd3/fast' failed
make: *** [cmTC_f7bd3/fast] Error 2

File /home/patrick/ClionProjects/CppConcurrencyInAction/AutoHedge/cmake-build-debug/CMakeFiles/CMakeTmp/CheckSymbolExists.c:
/* */
#include <pthread.h>

int main(int argc, char** argv)
{
  (void)argv;
#ifndef pthread_create
  return ((int*)(&pthread_create))[argc];
#else
  (void)argc;
  return 0;
#endif
}

Determining if the function pthread_create exists in the pthreads failed with the following output:
Change Dir: /home/patrick/ClionProjects/CppConcurrencyInAction/AutoHedge/cmake-build-debug/CMakeFiles/CMakeTmp

Run Build Command:"/usr/bin/make" "cmTC_5888e/fast"
/usr/bin/make -f CMakeFiles/cmTC_5888e.dir/build.make CMakeFiles/cmTC_5888e.dir/build
make[1]: Entering directory '/home/patrick/ClionProjects/CppConcurrencyInAction/AutoHedge/cmake-build-debug/CMakeFiles/CMakeTmp'
Building C object CMakeFiles/cmTC_5888e.dir/CheckFunctionExists.c.o
/usr/bin/cc    -DCHECK_FUNCTION_EXISTS=pthread_create   -o CMakeFiles/cmTC_5888e.dir/CheckFunctionExists.c.o   -c /home/patrick/Downloads/clion-2016.3/bin/cmake/share/cmake-3.6/Modules/CheckFunctionExists.c
Linking C executable cmTC_5888e
/home/patrick/Downloads/clion-2016.3/bin/cmake/bin/cmake -E cmake_link_script CMakeFiles/cmTC_5888e.dir/link.txt --verbose=1
/usr/bin/cc   -DCHECK_FUNCTION_EXISTS=pthread_create    CMakeFiles/cmTC_5888e.dir/CheckFunctionExists.c.o  -o cmTC_5888e -lpthreads 
/usr/bin/ld: cannot find -lpthreads
collect2: error: ld returned 1 exit status
CMakeFiles/cmTC_5888e.dir/build.make:97: recipe for target 'cmTC_5888e' failed
make[1]: *** [cmTC_5888e] Error 1
make[1]: Leaving directory '/home/patrick/ClionProjects/CppConcurrencyInAction/AutoHedge/cmake-build-debug/CMakeFiles/CMakeTmp'
Makefile:126: recipe for target 'cmTC_5888e/fast' failed
make: *** [cmTC_5888e/fast] Error 2


